2019-10-31 11:04:03,225 INFO 753 [egg:logger] init all loggers with options: {"dir":"/Users/zhangxin/demo/vue-cli3-ssr-egg/logs","encoding":"utf8","env":"prod","level":"INFO","consoleLevel":"INFO","disableConsoleAfterReady":true,"outputJSON":false,"buffer":true,"appLogName":"vue-cli3-ssr-egg-web.log","coreLogName":"egg-web.log","agentLogName":"egg-agent.log","errorLogName":"common-error.log","coreLogger":{},"allowDebugAtProd":false,"type":"application"}
2019-10-31 11:04:03,317 INFO 753 [egg-multipart] stream mode enable
2019-10-31 11:04:06,672 INFO 753 [egg-static] starting static serve /public/ -> /Users/zhangxin/demo/vue-cli3-ssr-egg/app/public
2019-10-31 11:04:06,677 INFO 753 [egg-security] use csrf middleware
2019-10-31 11:04:06,679 INFO 753 [egg-security] use methodnoallow middleware
2019-10-31 11:04:06,680 INFO 753 [egg-security] use noopen middleware
2019-10-31 11:04:06,681 INFO 753 [egg-security] use nosniff middleware
2019-10-31 11:04:06,682 INFO 753 [egg-security] use xssProtection middleware
2019-10-31 11:04:06,683 INFO 753 [egg-security] use xframe middleware
2019-10-31 11:04:06,684 INFO 753 [egg-security] use dta middleware
2019-10-31 11:04:06,684 INFO 753 [egg-security] compose 7 middlewares into one security middleware
2019-10-31 11:04:06,702 INFO 753 [egg:core] dump config after load, 10ms
2019-10-31 11:04:03,164 INFO 751 [egg:logger] init all loggers with options: {"dir":"/Users/zhangxin/demo/vue-cli3-ssr-egg/logs","encoding":"utf8","env":"prod","level":"INFO","consoleLevel":"INFO","disableConsoleAfterReady":true,"outputJSON":false,"buffer":true,"appLogName":"vue-cli3-ssr-egg-web.log","coreLogName":"egg-web.log","agentLogName":"egg-agent.log","errorLogName":"common-error.log","coreLogger":{},"allowDebugAtProd":false,"type":"application"}
2019-10-31 11:04:03,264 INFO 751 [egg-multipart] stream mode enable
2019-10-31 11:04:06,671 INFO 751 [egg-static] starting static serve /public/ -> /Users/zhangxin/demo/vue-cli3-ssr-egg/app/public
2019-10-31 11:04:06,677 INFO 751 [egg-security] use csrf middleware
2019-10-31 11:04:06,681 INFO 751 [egg-security] use methodnoallow middleware
2019-10-31 11:04:06,682 INFO 751 [egg-security] use noopen middleware
2019-10-31 11:04:06,683 INFO 751 [egg-security] use nosniff middleware
2019-10-31 11:04:06,684 INFO 751 [egg-security] use xssProtection middleware
2019-10-31 11:04:06,684 INFO 751 [egg-security] use xframe middleware
2019-10-31 11:04:06,685 INFO 751 [egg-security] use dta middleware
2019-10-31 11:04:06,685 INFO 751 [egg-security] compose 7 middlewares into one security middleware
2019-10-31 11:04:06,703 INFO 751 [egg:core] dump config after load, 11ms
2019-10-31 11:04:03,158 INFO 750 [egg:logger] init all loggers with options: {"dir":"/Users/zhangxin/demo/vue-cli3-ssr-egg/logs","encoding":"utf8","env":"prod","level":"INFO","consoleLevel":"INFO","disableConsoleAfterReady":true,"outputJSON":false,"buffer":true,"appLogName":"vue-cli3-ssr-egg-web.log","coreLogName":"egg-web.log","agentLogName":"egg-agent.log","errorLogName":"common-error.log","coreLogger":{},"allowDebugAtProd":false,"type":"application"}
2019-10-31 11:04:03,234 INFO 750 [egg-multipart] stream mode enable
2019-10-31 11:04:06,672 INFO 750 [egg-static] starting static serve /public/ -> /Users/zhangxin/demo/vue-cli3-ssr-egg/app/public
2019-10-31 11:04:06,678 INFO 750 [egg-security] use csrf middleware
2019-10-31 11:04:06,680 INFO 750 [egg-security] use methodnoallow middleware
2019-10-31 11:04:06,681 INFO 750 [egg-security] use noopen middleware
2019-10-31 11:04:06,682 INFO 750 [egg-security] use nosniff middleware
2019-10-31 11:04:06,683 INFO 750 [egg-security] use xssProtection middleware
2019-10-31 11:04:06,684 INFO 750 [egg-security] use xframe middleware
2019-10-31 11:04:06,684 INFO 750 [egg-security] use dta middleware
2019-10-31 11:04:06,685 INFO 750 [egg-security] compose 7 middlewares into one security middleware
2019-10-31 11:04:06,706 INFO 750 [egg:core] dump config after load, 14ms
2019-10-31 11:04:03,215 INFO 752 [egg:logger] init all loggers with options: {"dir":"/Users/zhangxin/demo/vue-cli3-ssr-egg/logs","encoding":"utf8","env":"prod","level":"INFO","consoleLevel":"INFO","disableConsoleAfterReady":true,"outputJSON":false,"buffer":true,"appLogName":"vue-cli3-ssr-egg-web.log","coreLogName":"egg-web.log","agentLogName":"egg-agent.log","errorLogName":"common-error.log","coreLogger":{},"allowDebugAtProd":false,"type":"application"}
2019-10-31 11:04:03,310 INFO 752 [egg-multipart] stream mode enable
2019-10-31 11:04:06,671 INFO 752 [egg-static] starting static serve /public/ -> /Users/zhangxin/demo/vue-cli3-ssr-egg/app/public
2019-10-31 11:04:06,678 INFO 752 [egg-security] use csrf middleware
2019-10-31 11:04:06,679 INFO 752 [egg-security] use methodnoallow middleware
2019-10-31 11:04:06,680 INFO 752 [egg-security] use noopen middleware
2019-10-31 11:04:06,681 INFO 752 [egg-security] use nosniff middleware
2019-10-31 11:04:06,682 INFO 752 [egg-security] use xssProtection middleware
2019-10-31 11:04:06,683 INFO 752 [egg-security] use xframe middleware
2019-10-31 11:04:06,684 INFO 752 [egg-security] use dta middleware
2019-10-31 11:04:06,684 INFO 752 [egg-security] compose 7 middlewares into one security middleware
2019-10-31 11:04:06,702 INFO 752 [egg:core] dump config after load, 10ms
2019-10-31 11:04:06,735 INFO 752 [egg-watcher:application] watcher start success
2019-10-31 11:04:06,749 INFO 752 [egg:core] dump config after ready, 7ms
2019-10-31 11:04:06,742 INFO 750 [egg-watcher:application] watcher start success
2019-10-31 11:04:06,759 INFO 750 [egg:core] dump config after ready, 7ms
2019-10-31 11:04:06,733 INFO 753 [egg-watcher:application] watcher start success
2019-10-31 11:04:06,745 INFO 753 [egg:core] dump config after ready, 7ms
2019-10-31 11:04:06,736 INFO 751 [egg-watcher:application] watcher start success
2019-10-31 11:04:06,747 INFO 751 [egg:core] dump config after ready, 7ms
